-----------------------------------------------------------------------------

Input image     : A1413g.fits[1:999,1:999] 
Init. par. file : A1413g.feedme 
Restart file    : galfit.01 
Output image    : outputA1413g.fits 

 sersic    : (  501.35,   503.13)   20.52     *0.01* *20.00*   0.71    83.13
             (    0.02,     0.02)    2.72     *0.08* *18.84*   0.01     0.72
 sky       : [500.00, 500.00]  3.90e-02  [0.00e+00]  [0.00e+00]
                                1.89e-03  [0.00e+00]  [0.00e+00]
 sersic    : (  501.28,   505.57)   20.70     86.16    2.09    0.39    -9.41
             (    0.01,     0.02)    0.00      0.31    0.00    0.00     0.04
 sersic    : (  471.87,   303.61)   23.19     10.27    2.16    0.96   -23.19
             (    0.01,     0.01)    0.00      0.06    0.01    0.00     2.36
 sersic    : (  524.49,   465.50)   23.10    163.54    7.53    0.87     6.71
             (    0.00,     0.01)    0.13     33.77    0.34    0.01     2.83
 sersic    : (  412.20,   496.56)   24.76      8.10    0.49    0.56   -82.58
             (    0.03,     0.02)    0.00      0.04    0.01    0.00     0.31
 sersic    : (  566.22,   367.65)   23.68      6.33    1.38    0.97   -89.26
             (    0.01,     0.01)    0.00      0.03    0.01    0.00     3.63
 sersic    : (  573.25,   395.36)   24.37      5.78    1.26    0.93   -71.83
             (    0.01,     0.01)    0.01      0.04    0.01    0.00     2.54
 sersic    : (  584.25,   391.00)   25.13      4.18    0.97    0.82    75.06
             (    0.02,     0.01)    0.01      0.02    0.01    0.00     1.27
 sersic    : (  436.68,   522.87)   25.44      3.39    0.83    0.94   -17.41
             (    0.01,     0.01)    0.00      0.03    0.01    0.00     4.27
 sersic    : (  456.05,   537.56)   25.00      4.53    1.02    0.95   -57.45
             (    0.02,     0.01)    0.00      0.03    0.01    0.00     4.51
 sersic    : (  473.51,   554.66)   24.43     34.95    5.20    0.69   -11.55
             (    0.01,     0.01)    0.13      6.90    0.32    0.01     1.36
 sersic    : (  470.50,   573.32)   24.01     36.10    4.10    0.68     0.33
             (    0.01,     0.02)    0.05      2.35    0.09    0.01     0.97
 sersic    : (  650.37,   457.60)   25.58      3.87    0.93    0.84    89.88
             (    0.02,     0.02)    0.01      0.04    0.01    0.01     1.72
 sersic    : (  675.75,   410.81)   24.99      4.66    1.09    0.87    65.38
             (    0.01,     0.01)    0.00      0.04    0.01    0.00     1.63
 sersic    : (  436.40,   288.47)   24.39     25.76    3.40    0.67    88.87
             (    0.02,     0.01)    0.03      1.27    0.08    0.01     1.00
 sersic    : (  396.48,   421.23)   24.20     78.07    4.52    0.35    75.88
             (    0.02,     0.01)    0.05      6.59    0.14    0.00     0.45
 sersic    : (  371.88,   412.05)   24.82      5.23    0.86    0.59    45.51
             (    0.01,     0.01)    0.00      0.03    0.01    0.00     0.33
 Chi^2 = 4062632.05617,  ndof = 967343
 Chi^2/nu = 4.200 

-----------------------------------------------------------------------------
-----------------------------------------------------------------------------

Input image     : A1413i.fits[1:999,1:999] 
Init. par. file : A1413i.feedme 
Restart file    : galfit.02 
Output image    : outputA1413i.fits 

 sersic    : (  501.35,   502.27)   18.21     *0.04* *20.00*   0.99     3.91
             (    0.01,     0.01)    0.71     *0.06*  *6.60*   0.00    21.44
 sky       : [500.00, 500.00]  -2.20e-01  [0.00e+00]  [0.00e+00]
                                6.78e-03  [0.00e+00]  [0.00e+00]
 sersic    : (  502.26,   520.97)   19.75     50.99    1.32    0.38   -15.30
             (    0.02,     0.04)    0.00      0.17    0.00    0.00     0.05
 sersic    : (  471.54,   303.44)   20.60     40.68    4.17    0.83     6.65
             (    0.01,     0.01)    0.01      0.58    0.03    0.00     0.64
 sersic    : (  522.04,   465.45)   20.59     69.26    2.35    0.65   -21.25
             (    0.03,     0.03)    0.02      1.25    0.02    0.00     0.44
 sersic    : (  411.00,   495.62)   21.86    107.17    5.11    0.90    80.85
             (    0.04,     0.02)    0.11     16.04    0.20    0.01     5.17
 sersic    : (  565.50,   366.79)   21.02     40.41    5.10    0.86     6.36
             (    0.00,     0.01)    0.02      1.02    0.05    0.00     0.87
 sersic    : (  573.02,   394.66)   21.62     59.95    5.91    0.84    48.97
             (    0.02,     0.01)    0.10      8.55    0.21    0.01     1.86
 sersic    : (  583.45,   390.59)   22.04     77.61    6.90    0.83    66.63
             (    0.01,     0.01)    0.20     23.97    0.51    0.01     2.74
 sersic    : (  436.50,   522.48)   21.86    102.44    6.31    1.00   -36.01
             (    0.01,     0.01)    0.28     40.19    0.57    0.01   332.03
 sersic    : (  456.15,   537.34)   21.53     88.84    5.26    0.83     1.63
             (    0.02,     0.01)    0.18     19.56    0.27    0.01     2.60
 sersic    : (  473.59,   554.53)   21.33     94.90    4.26    0.73    -4.54
             (    0.02,     0.02)    0.29     30.30    0.34    0.01     1.47
 sersic    : (  470.50,   572.86)   21.20     97.82    3.94    0.68    -5.39
             (    0.01,     0.04)    0.14     14.18    0.14    0.00     0.91
 sersic    : (  649.54,   457.48)   21.97    112.49    6.39    1.00    24.65
             (    0.02,     0.01)    0.13     22.57    0.33    0.01   371.72
 sersic    : (  675.50,   410.49)   21.73     85.33    6.58    0.93    31.21
             (    0.01,     0.01)    0.06      7.82    0.17    0.01     5.23
 sersic    : (  436.29,   288.26)   21.47    101.95    4.40    0.99    89.93
             (    0.03,     0.03)    0.07      9.49    0.12    0.01    31.16
 sersic    : (  396.22,   420.49)   21.78    104.18    5.37    0.60    89.52
             (    0.03,     0.01)    0.11     15.73    0.22    0.01     0.85
 sersic    : (  371.50,   411.51)   21.64     81.12    6.50    0.93    57.57
             (    0.01,     0.01)    0.08     10.08    0.21    0.01     4.79
 Chi^2 = 6296896.74208,  ndof = 967343
 Chi^2/nu = 6.509 

-----------------------------------------------------------------------------
-----------------------------------------------------------------------------

Input image     : A1413r.fits[1:999,1:999] 
Init. par. file : A1413r.feedme 
Restart file    : galfit.03 
Output image    : outputA1413r.fits 

 sersic    : (  501.24,   504.48)   19.22    136.27    3.20    0.44    -5.39
             (    0.02,     0.03)    0.01      1.03    0.02    0.00     0.06
 sky       : [500.00, 500.00]  -4.09e-02  [0.00e+00]  [0.00e+00]
                                6.21e-03  [0.00e+00]  [0.00e+00]
 Chi^2 = 13976919.32708,  ndof = 967455
 Chi^2/nu = 14.447 

-----------------------------------------------------------------------------
-----------------------------------------------------------------------------

Input image     : A1413r.fits[1:999,1:999] 
Init. par. file : A1413r.feedme 
Restart file    : galfit.04 
Output image    : outputA1413r.fits 

 sersic    : (  501.34,   503.76)   19.63     84.91    2.20    0.44    -7.98
             (    0.01,     0.02)    0.00      0.23    0.00    0.00     0.04
 sky       : [500.00, 500.00]  1.98e-01  [0.00e+00]  [0.00e+00]
                                4.01e-03  [0.00e+00]  [0.00e+00]
 sersic    : (  502.78,   526.37)   24.10      3.19    0.74    0.92   -79.95
             (    0.01,     0.01)    0.00      0.02    0.01    0.00     2.54
 sersic    : (  472.04,   303.59)   22.22      9.85    2.22    0.96   -21.68
             (    0.01,     0.01)    0.00      0.05    0.01    0.00     2.18
 sersic    : (  524.64,   465.50)   24.89      2.92    0.78    0.92   -52.96
             (    0.01,     0.01)    0.01      0.03    0.01    0.01     3.66
 sersic    : (  411.69,   496.38)   24.34      7.68    0.58    0.58   -82.88
             (    0.04,     0.03)    0.01      0.06    0.01    0.00     0.47
 sersic    : (  566.31,   367.60)   22.69      6.12    1.46    0.98    89.55
             (    0.01,     0.01)    0.00      0.02    0.01    0.00     5.75
 sersic    : (  573.40,   395.30)   23.37      5.73    1.36    0.94   -73.57
             (    0.01,     0.01)    0.00      0.04    0.01    0.00     2.93
 sersic    : (  584.36,   390.96)   24.31      3.49    0.88    0.88    73.05
             (    0.01,     0.01)    0.00      0.02    0.01    0.00     1.70
 sersic    : (  436.73,   522.84)   24.56      3.14    0.82    0.93    -9.15
             (    0.01,     0.01)    0.00      0.02    0.01    0.00     3.13
 sersic    : (  456.13,   537.57)   24.05      4.64    1.15    0.92   -45.30
             (    0.01,     0.01)    0.00      0.03    0.01    0.00     2.76
 sersic    : (  473.90,   554.94)   24.84      3.31    0.92    0.87   -47.81
             (    0.01,     0.01)    0.01      0.03    0.01    0.01     2.18
 sersic    : (  470.64,   572.99)   24.18      5.77    1.28    0.93     7.68
             (    0.02,     0.02)    0.01      0.07    0.01    0.01     4.09
 sersic    : (  650.41,   457.58)   24.74      3.39    0.89    0.90    87.89
             (    0.02,     0.01)    0.01      0.03    0.01    0.00     2.65
 sersic    : (  675.86,   410.80)   24.11      4.06    1.04    0.91    59.58
             (    0.01,     0.01)    0.00      0.03    0.01    0.00     2.23
 sersic    : (  436.27,   288.32)   24.48      6.31    1.11    0.73   -87.80
             (    0.03,     0.02)    0.01      0.08    0.01    0.01     1.05
 sersic    : (  396.53,   420.92)   24.67      4.28    0.99    0.69    81.29
             (    0.02,     0.01)    0.01      0.04    0.01    0.00     0.73
 sersic    : (  371.89,   412.05)   23.83      5.50    1.02    0.58    44.55
             (    0.01,     0.01)    0.00      0.03    0.01    0.00     0.30
 Chi^2 = 5874161.63793,  ndof = 968286
 Chi^2/nu = 6.067 

-----------------------------------------------------------------------------
-----------------------------------------------------------------------------

Input image     : A1413g.fits[1:999,1:999] 
Init. par. file : A1413g.feedme 
Restart file    : galfit.05 
Output image    : outputA1413g.fits 

 sersic    : (  501.33,   503.85)   20.51     91.00    2.20    0.44    -7.87
             (    0.01,     0.02)    0.00      0.28    0.00    0.00     0.04
 sky       : [500.00, 500.00]  5.04e-02  [0.00e+00]  [0.00e+00]
                                1.95e-03  [0.00e+00]  [0.00e+00]
 sersic    : (  502.71,   526.40)   25.09      3.30    0.67    0.89   -81.69
             (    0.02,     0.01)    0.00      0.02    0.01    0.00     2.16
 sersic    : (  471.89,   303.61)   23.19      9.91    2.07    0.97   -32.61
             (    0.01,     0.01)    0.00      0.05    0.01    0.00     3.05
 sersic    : (  524.57,   465.53)   25.83      3.04    0.71    0.91   -65.31
             (    0.02,     0.02)    0.01      0.03    0.01    0.01     3.78
 sersic    : (  412.19,   496.56)   24.78      8.01    0.48    0.56   -82.56
             (    0.03,     0.02)    0.00      0.04    0.01    0.00     0.32
 sersic    : (  566.22,   367.65)   23.69      6.24    1.36    0.97   -87.13
             (    0.01,     0.01)    0.00      0.03    0.01    0.00     3.42
 sersic    : (  573.34,   395.32)   24.31      6.03    1.29    0.92   -80.32
             (    0.01,     0.01)    0.01      0.04    0.01    0.00     2.34
 sersic    : (  584.31,   390.98)   25.28      3.59    0.80    0.86    76.95
             (    0.01,     0.01)    0.01      0.03    0.01    0.00     1.68
 sersic    : (  436.68,   522.87)   25.50      3.18    0.76    0.96   -13.68
             (    0.01,     0.02)    0.00      0.02    0.01    0.01     6.88
 sersic    : (  456.09,   537.59)   24.95      4.80    1.08    0.92   -54.83
             (    0.01,     0.01)    0.00      0.04    0.01    0.00     2.94
 sersic    : (  473.85,   554.97)   25.77      3.47    0.85    0.87   -54.21
             (    0.02,     0.01)    0.01      0.03    0.01    0.01     2.52
 sersic    : (  470.57,   573.05)   25.11      5.78    1.22    0.94     6.73
             (    0.02,     0.02)    0.01      0.07    0.01    0.01     5.48
 sersic    : (  650.37,   457.60)   25.66      3.51    0.81    0.88    89.52
             (    0.02,     0.02)    0.01      0.03    0.01    0.01     2.31
 sersic    : (  675.77,   410.83)   25.08      4.15    0.94    0.91    64.90
             (    0.01,     0.01)    0.00      0.03    0.01    0.00     2.29
 sersic    : (  436.25,   288.36)   25.34      6.40    1.04    0.72   -88.09
             (    0.03,     0.02)    0.01      0.08    0.01    0.01     1.03
 sersic    : (  396.59,   420.70)   25.02     23.73    3.01    0.41    76.92
             (    0.03,     0.01)    0.04      1.27    0.08    0.01     0.55
 sersic    : (  371.87,   412.05)   24.80      5.32    0.88    0.59    45.37
             (    0.01,     0.01)    0.00      0.03    0.01    0.00     0.33
 Chi^2 = 4190844.79631,  ndof = 968286
 Chi^2/nu = 4.328 

-----------------------------------------------------------------------------
-----------------------------------------------------------------------------

Input image     : A1413i.fits[1:999,1:999] 
Init. par. file : A1413i.feedme 
Restart file    : galfit.06 
Output image    : outputA1413i.fits 

 sersic    : (  498.26,   503.34)   20.12     32.00    1.37    0.54   -11.00
             (    0.02,     0.02)    0.01      0.15    0.00    0.00     0.13
 sky       : [500.00, 500.00]  3.82e-01  [0.00e+00]  [0.00e+00]
                                7.95e-03  [0.00e+00]  [0.00e+00]
 sersic    : (  501.62,   525.78)   23.18      4.21    0.59    0.97    29.52
             (    0.02,     0.02)    0.01      0.03    0.01    0.00     9.19
 sersic    : (  471.23,   302.93)   21.35      9.80    1.43    0.98   -86.92
             (    0.01,     0.01)    0.00      0.03    0.01    0.00     5.04
 sersic    : (  503.56,   502.23)   18.48    216.05    2.56    0.37    -6.30
             (    0.02,     0.05)    0.00      1.87    0.01    0.00     0.03
 sersic    : (  410.89,   495.66)   23.49      8.56    0.54    0.60   -84.07
             (    0.04,     0.03)    0.00      0.05    0.01    0.00     0.45
 sersic    : (  565.49,   366.98)   21.72      7.40    1.01    0.92    82.42
             (    0.01,     0.01)    0.00      0.02    0.00    0.00     1.02
 sersic    : (  572.50,   394.60)   22.43      7.19    0.97    0.88   -86.55
             (    0.02,     0.01)    0.00      0.03    0.01    0.00     1.37
 sersic    : (  583.32,   390.34)   23.25      5.67    0.74    0.78    74.40
             (    0.02,     0.02)    0.01      0.04    0.01    0.00     0.96
 sersic    : (  435.83,   522.08)   23.58      4.71    0.64    0.92    78.95
             (    0.02,     0.02)    0.00      0.03    0.01    0.00     2.48
 sersic    : (  455.28,   536.86)   23.02      6.41    0.87    0.92   -84.36
             (    0.02,     0.02)    0.00      0.04    0.01    0.00     2.04
 sersic    : (  473.02,   554.04)   23.78      5.28    0.76    0.86   -85.44
             (    0.03,     0.02)    0.01      0.05    0.01    0.01     2.01
 sersic    : (  469.78,   572.24)   23.08      7.89    1.10    0.96    36.81
             (    0.02,     0.02)    0.01      0.08    0.01    0.00     5.91
 sersic    : (  649.55,   456.97)   23.78      5.15    0.70    0.83    84.21
             (    0.03,     0.02)    0.01      0.03    0.01    0.00     1.32
 sersic    : (  675.00,   410.18)   23.09      5.85    0.79    0.86    73.98
             (    0.02,     0.02)    0.00      0.03    0.01    0.00     1.15
 sersic    : (  435.59,   287.57)   23.52      7.88    0.84    0.72    89.10
             (    0.04,     0.03)    0.01      0.07    0.01    0.00     0.84
 sersic    : (  395.68,   420.15)   23.49      6.28    0.84    0.70    78.93
             (    0.03,     0.02)    0.00      0.04    0.01    0.00     0.65
 sersic    : (  371.05,   411.29)   22.88      7.01    0.77    0.64    48.60
             (    0.02,     0.01)    0.00      0.03    0.01    0.00     0.34
 Chi^2 = 3926082.30728,  ndof = 968286
 Chi^2/nu = 4.055 

-----------------------------------------------------------------------------
